# JRE version: Java(TM) SE Runtime Environment (17.0.7+8) (build 17.0.7+8-LTS-224)
# Java VM: Java HotSpot(TM) 64-Bit Server VM (17.0.7+8-LTS-224, mixed mode, sharing, tiered, compressed oops, compressed class ptrs, g1 gc, windows-amd64)
GC Precious Log:
 CPUs: 8 total, 8 available
 Memory: 16106M
 Large Page Support: Disabled
 NUMA Support: Disabled
 Compressed Oops: Enabled (Zero based)
 Heap Region Size: 2M
 Heap Min Capacity: 8M
 Heap Initial Capacity: 252M
 Heap Max Capacity: 4028M
 Pre-touch: Disabled
 Parallel Workers: 8
 Concurrent Workers: 2
 Concurrent Refinement Workers: 8
 Periodic GC: Disabled
Heap:
 garbage-first heap   total 112640K, used 70507K [0x0000000704400000, 0x0000000800000000)
  region size 2048K, 20 young (40960K), 3 survivors (6144K)
 Metaspace       used 82469K, committed 83072K, reserved 1122304K
  class space    used 11543K, committed 11840K, reserved 1048576K
GC Heap History (20 events):
Event: 9.214 GC heap before
{Heap before GC invocations=8 (full 0):
 garbage-first heap   total 69632K, used 44669K [0x0000000704400000, 0x0000000800000000)
  region size 2048K, 14 young (28672K), 1 survivors (2048K)
 Metaspace       used 33935K, committed 34304K, reserved 1081344K
  class space    used 4836K, committed 4992K, reserved 1048576K
}
Event: 9.220 GC heap after
{Heap after GC invocations=9 (full 0):
 garbage-first heap   total 69632K, used 21748K [0x0000000704400000, 0x0000000800000000)
  region size 2048K, 2 young (4096K), 2 survivors (4096K)
 Metaspace       used 33935K, committed 34304K, reserved 1081344K
  class space    used 4836K, committed 4992K, reserved 1048576K
}
Event: 9.421 GC heap before
{Heap before GC invocations=9 (full 0):
 garbage-first heap   total 69632K, used 29940K [0x0000000704400000, 0x0000000800000000)
  region size 2048K, 8 young (16384K), 2 survivors (4096K)
 Metaspace       used 35565K, committed 35968K, reserved 1081344K
  class space    used 5036K, committed 5248K, reserved 1048576K
}
Event: 9.425 GC heap after
{Heap after GC invocations=10 (full 0):
 garbage-first heap   total 69632K, used 23149K [0x0000000704400000, 0x0000000800000000)
  region size 2048K, 2 young (4096K), 2 survivors (4096K)
 Metaspace       used 35565K, committed 35968K, reserved 1081344K
  class space    used 5036K, committed 5248K, reserved 1048576K
}
Event: 10.139 GC heap before
{Heap before GC invocations=11 (full 0):
 garbage-first heap   total 69632K, used 49773K [0x0000000704400000, 0x0000000800000000)
  region size 2048K, 15 young (30720K), 2 survivors (4096K)
 Metaspace       used 37117K, committed 37568K, reserved 1081344K
  class space    used 5222K, committed 5440K, reserved 1048576K
}
Event: 10.146 GC heap after
{Heap after GC invocations=12 (full 0):
 garbage-first heap   total 69632K, used 25411K [0x0000000704400000, 0x0000000800000000)
  region size 2048K, 2 young (4096K), 2 survivors (4096K)
 Metaspace       used 37117K, committed 37568K, reserved 1081344K
  class space    used 5222K, committed 5440K, reserved 1048576K
}
Event: 10.990 GC heap before
{Heap before GC invocations=12 (full 0):
 garbage-first heap   total 69632K, used 47939K [0x0000000704400000, 0x0000000800000000)
  region size 2048K, 14 young (28672K), 2 survivors (4096K)
 Metaspace       used 39018K, committed 39424K, reserved 1089536K
  class space    used 5503K, committed 5696K, reserved 1048576K
}
Event: 11.002 GC heap after
{Heap after GC invocations=13 (full 0):
 garbage-first heap   total 112640K, used 26724K [0x0000000704400000, 0x0000000800000000)
  region size 2048K, 1 young (2048K), 1 survivors (2048K)
 Metaspace       used 39018K, committed 39424K, reserved 1089536K
  class space    used 5503K, committed 5696K, reserved 1048576K
}
Event: 13.171 GC heap before
{Heap before GC invocations=13 (full 0):
 garbage-first heap   total 112640K, used 84068K [0x0000000704400000, 0x0000000800000000)
  region size 2048K, 29 young (59392K), 1 survivors (2048K)
 Metaspace       used 44403K, committed 44864K, reserved 1089536K
  class space    used 6301K, committed 6528K, reserved 1048576K
}
Event: 13.190 GC heap after
{Heap after GC invocations=14 (full 0):
 garbage-first heap   total 112640K, used 29701K [0x0000000704400000, 0x0000000800000000)
  region size 2048K, 3 young (6144K), 3 survivors (6144K)
 Metaspace       used 44403K, committed 44864K, reserved 1089536K
  class space    used 6301K, committed 6528K, reserved 1048576K
}
Event: 15.603 GC heap before
{Heap before GC invocations=14 (full 0):
 garbage-first heap   total 112640K, used 84997K [0x0000000704400000, 0x0000000800000000)
  region size 2048K, 30 young (61440K), 3 survivors (6144K)
 Metaspace       used 51789K, committed 52352K, reserved 1097728K
  class space    used 7243K, committed 7488K, reserved 1048576K
}
Event: 15.626 GC heap after
{Heap after GC invocations=15 (full 0):
 garbage-first heap   total 112640K, used 32962K [0x0000000704400000, 0x0000000800000000)
  region size 2048K, 4 young (8192K), 4 survivors (8192K)
 Metaspace       used 51789K, committed 52352K, reserved 1097728K
  class space    used 7243K, committed 7488K, reserved 1048576K
}
Event: 17.516 GC heap before
{Heap before GC invocations=15 (full 0):
 garbage-first heap   total 112640K, used 84162K [0x0000000704400000, 0x0000000800000000)
  region size 2048K, 30 young (61440K), 4 survivors (8192K)
 Metaspace       used 59480K, committed 59968K, reserved 1105920K
  class space    used 8195K, committed 8448K, reserved 1048576K
}
Event: 17.526 GC heap after
{Heap after GC invocations=16 (full 0):
 garbage-first heap   total 112640K, used 35543K [0x0000000704400000, 0x0000000800000000)
  region size 2048K, 4 young (8192K), 4 survivors (8192K)
 Metaspace       used 59480K, committed 59968K, reserved 1105920K
  class space    used 8195K, committed 8448K, reserved 1048576K
}
Event: 17.623 GC heap before
{Heap before GC invocations=16 (full 0):
 garbage-first heap   total 112640K, used 37591K [0x0000000704400000, 0x0000000800000000)
  region size 2048K, 6 young (12288K), 4 survivors (8192K)
 Metaspace       used 59931K, committed 60416K, reserved 1105920K
  class space    used 8257K, committed 8512K, reserved 1048576K
}
Event: 17.631 GC heap after
{Heap after GC invocations=17 (full 0):
 garbage-first heap   total 112640K, used 35362K [0x0000000704400000, 0x0000000800000000)
  region size 2048K, 2 young (4096K), 2 survivors (4096K)
 Metaspace       used 59931K, committed 60416K, reserved 1105920K
  class space    used 8257K, committed 8512K, reserved 1048576K
}
Event: 20.056 GC heap before
{Heap before GC invocations=18 (full 0):
 garbage-first heap   total 112640K, used 86562K [0x0000000704400000, 0x0000000800000000)
  region size 2048K, 28 young (57344K), 2 survivors (4096K)
 Metaspace       used 68127K, committed 68672K, reserved 1114112K
  class space    used 9465K, committed 9728K, reserved 1048576K
}
Event: 20.063 GC heap after
{Heap after GC invocations=19 (full 0):
 garbage-first heap   total 112640K, used 37206K [0x0000000704400000, 0x0000000800000000)
  region size 2048K, 3 young (6144K), 3 survivors (6144K)
 Metaspace       used 68127K, committed 68672K, reserved 1114112K
  class space    used 9465K, committed 9728K, reserved 1048576K
}
Event: 21.860 GC heap before
{Heap before GC invocations=19 (full 0):
 garbage-first heap   total 112640K, used 88406K [0x0000000704400000, 0x0000000800000000)
  region size 2048K, 29 young (59392K), 3 survivors (6144K)
 Metaspace       used 78234K, committed 78912K, reserved 1122304K
  class space    used 10983K, committed 11328K, reserved 1048576K
}
Event: 21.869 GC heap after
{Heap after GC invocations=20 (full 0):
 garbage-first heap   total 112640K, used 39787K [0x0000000704400000, 0x0000000800000000)
  region size 2048K, 3 young (6144K), 3 survivors (6144K)
 Metaspace       used 78234K, committed 78912K, reserved 1122304K
  class space    used 10983K, committed 11328K, reserved 1048576K
}

